2020-06-19 20:00:25.001 [restartedMain] ERROR org.springframework.boot.SpringApplication - Application run failed
java.lang.IllegalStateException: Failed to load property source from location 'classpath:/application.yml'
	at org.springframework.boot.context.config.ConfigFileApplicationListener$Loader.load(ConfigFileApplicationListener.java:545)
	at org.springframework.boot.context.config.ConfigFileApplicationListener$Loader.loadForFileExtension(ConfigFileApplicationListener.java:494)
	at org.springframework.boot.context.config.ConfigFileApplicationListener$Loader.load(ConfigFileApplicationListener.java:464)
	at org.springframework.boot.context.config.ConfigFileApplicationListener$Loader.lambda$null$7(ConfigFileApplicationListener.java:443)
	at java.lang.Iterable.forEach(Iterable.java:75)
	at org.springframework.boot.context.config.ConfigFileApplicationListener$Loader.lambda$load$8(ConfigFileApplicationListener.java:443)
	at java.lang.Iterable.forEach(Iterable.java:75)
	at org.springframework.boot.context.config.ConfigFileApplicationListener$Loader.load(ConfigFileApplicationListener.java:440)
	at org.springframework.boot.context.config.ConfigFileApplicationListener$Loader.lambda$load$0(ConfigFileApplicationListener.java:335)
	at org.springframework.boot.context.config.FilteredPropertySource.apply(FilteredPropertySource.java:54)
	at org.springframework.boot.context.config.ConfigFileApplicationListener$Loader.load(ConfigFileApplicationListener.java:323)
	at org.springframework.boot.context.config.ConfigFileApplicationListener.addPropertySources(ConfigFileApplicationListener.java:214)
	at org.springframework.boot.context.config.ConfigFileApplicationListener.postProcessEnvironment(ConfigFileApplicationListener.java:198)
	at org.springframework.boot.context.config.ConfigFileApplicationListener.onApplicationEnvironmentPreparedEvent(ConfigFileApplicationListener.java:188)
	at org.springframework.boot.context.config.ConfigFileApplicationListener.onApplicationEvent(ConfigFileApplicationListener.java:176)
	at org.springframework.context.event.SimpleApplicationEventMulticaster.doInvokeListener(SimpleApplicationEventMulticaster.java:172)
	at org.springframework.context.event.SimpleApplicationEventMulticaster.invokeListener(SimpleApplicationEventMulticaster.java:165)
	at org.springframework.context.event.SimpleApplicationEventMulticaster.multicastEvent(SimpleApplicationEventMulticaster.java:139)
	at org.springframework.context.event.SimpleApplicationEventMulticaster.multicastEvent(SimpleApplicationEventMulticaster.java:127)
	at org.springframework.boot.context.event.EventPublishingRunListener.environmentPrepared(EventPublishingRunListener.java:76)
	at org.springframework.boot.SpringApplicationRunListeners.environmentPrepared(SpringApplicationRunListeners.java:53)
	at org.springframework.boot.SpringApplication.prepareEnvironment(SpringApplication.java:345)
	at org.springframework.boot.SpringApplication.run(SpringApplication.java:308)
	at org.springframework.boot.SpringApplication.run(SpringApplication.java:1226)
	at org.springframework.boot.SpringApplication.run(SpringApplication.java:1215)
	at com.bonc.Payment8001Application.main(Payment8001Application.java:14)
	at sun.reflect.NativeMethodAccessorImpl.invoke0(Native Method)
	at sun.reflect.NativeMethodAccessorImpl.invoke(NativeMethodAccessorImpl.java:62)
	at sun.reflect.DelegatingMethodAccessorImpl.invoke(DelegatingMethodAccessorImpl.java:43)
	at java.lang.reflect.Method.invoke(Method.java:498)
	at org.springframework.boot.devtools.restart.RestartLauncher.run(RestartLauncher.java:49)
Caused by: org.yaml.snakeyaml.scanner.ScannerException: while scanning an alias
 in 'reader', line 17, column 18:
            include: *
                     ^
expected alphabetic or numeric character, but found (13)
 in 'reader', line 17, column 19:
            include: *
                      ^

	at org.yaml.snakeyaml.scanner.ScannerImpl.scanAnchor(ScannerImpl.java:1444)
	at org.yaml.snakeyaml.scanner.ScannerImpl.fetchAlias(ScannerImpl.java:916)
	at org.yaml.snakeyaml.scanner.ScannerImpl.fetchMoreTokens(ScannerImpl.java:364)
	at org.yaml.snakeyaml.scanner.ScannerImpl.checkToken(ScannerImpl.java:227)
	at org.yaml.snakeyaml.parser.ParserImpl$ParseBlockMappingValue.produce(ParserImpl.java:586)
	at org.yaml.snakeyaml.parser.ParserImpl.peekEvent(ParserImpl.java:158)
	at org.yaml.snakeyaml.parser.ParserImpl.checkEvent(ParserImpl.java:148)
	at org.yaml.snakeyaml.composer.Composer.composeNode(Composer.java:124)
	at org.yaml.snakeyaml.composer.Composer.composeValueNode(Composer.java:239)
	at org.yaml.snakeyaml.composer.Composer.composeMappingChildren(Composer.java:230)
	at org.yaml.snakeyaml.composer.Composer.composeMappingNode(Composer.java:218)
	at org.yaml.snakeyaml.composer.Composer.composeNode(Composer.java:144)
	at org.yaml.snakeyaml.composer.Composer.composeValueNode(Composer.java:239)
	at org.yaml.snakeyaml.composer.Composer.composeMappingChildren(Composer.java:230)
	at org.yaml.snakeyaml.composer.Composer.composeMappingNode(Composer.java:218)
	at org.yaml.snakeyaml.composer.Composer.composeNode(Composer.java:144)
	at org.yaml.snakeyaml.composer.Composer.composeValueNode(Composer.java:239)
	at org.yaml.snakeyaml.composer.Composer.composeMappingChildren(Composer.java:230)
	at org.yaml.snakeyaml.composer.Composer.composeMappingNode(Composer.java:218)
	at org.yaml.snakeyaml.composer.Composer.composeNode(Composer.java:144)
	at org.yaml.snakeyaml.composer.Composer.composeValueNode(Composer.java:239)
	at org.yaml.snakeyaml.composer.Composer.composeMappingChildren(Composer.java:230)
	at org.yaml.snakeyaml.composer.Composer.composeMappingNode(Composer.java:218)
	at org.yaml.snakeyaml.composer.Composer.composeNode(Composer.java:144)
	at org.yaml.snakeyaml.composer.Composer.composeValueNode(Composer.java:239)
	at org.yaml.snakeyaml.composer.Composer.composeMappingChildren(Composer.java:230)
	at org.yaml.snakeyaml.composer.Composer.composeMappingNode(Composer.java:218)
	at org.yaml.snakeyaml.composer.Composer.composeNode(Composer.java:144)
	at org.yaml.snakeyaml.composer.Composer.getNode(Composer.java:85)
	at org.yaml.snakeyaml.constructor.BaseConstructor.getData(BaseConstructor.java:125)
	at org.yaml.snakeyaml.Yaml$1.next(Yaml.java:548)
	at org.springframework.beans.factory.config.YamlProcessor.process(YamlProcessor.java:160)
	at org.springframework.beans.factory.config.YamlProcessor.process(YamlProcessor.java:134)
	at org.springframework.boot.env.OriginTrackedYamlLoader.load(OriginTrackedYamlLoader.java:75)
	at org.springframework.boot.env.YamlPropertySourceLoader.load(YamlPropertySourceLoader.java:50)
	at org.springframework.boot.context.config.ConfigFileApplicationListener$Loader.loadDocuments(ConfigFileApplicationListener.java:562)
	at org.springframework.boot.context.config.ConfigFileApplicationListener$Loader.load(ConfigFileApplicationListener.java:518)
	... 30 common frames omitted
2020-06-19 20:02:01.264 [restartedMain] ERROR o.s.b.diagnostics.LoggingFailureAnalysisReporter - 

***************************
APPLICATION FAILED TO START
***************************

Description:

Web server failed to start. Port 8001 was already in use.

Action:

Identify and stop the process that's listening on port 8001 or configure this application to listen on another port.

